# JRE version: OpenJDK Runtime Environment (17.0.10) (build 17.0.10+0--11572160)
# Java VM: OpenJDK 64-Bit Server VM (17.0.10+0--11572160, mixed mode, tiered, compressed oops, compressed class ptrs, g1 gc, windows-amd64)
GC Precious Log:
 CPUs: 16 total, 16 available
 Memory: 16331M
 Large Page Support: Disabled
 NUMA Support: Disabled
 Compressed Oops: Enabled (32-bit)
 Heap Region Size: 1M
 Heap Min Capacity: 8M
 Heap Initial Capacity: 256M
 Heap Max Capacity: 2G
 Pre-touch: Disabled
 Parallel Workers: 13
 Concurrent Workers: 3
 Concurrent Refinement Workers: 13
 Periodic GC: Disabled
Heap:
 garbage-first heap   total 193536K, used 153298K [0x0000000080000000, 0x0000000100000000)
  region size 1024K, 36 young (36864K), 4 survivors (4096K)
 Metaspace       used 110146K, committed 110976K, reserved 1179648K
  class space    used 15001K, committed 15424K, reserved 1048576K
GC Heap History (20 events):
Event: 9.684 GC heap before
{Heap before GC invocations=34 (full 0):
 garbage-first heap   total 193536K, used 144690K [0x0000000080000000, 0x0000000100000000)
  region size 1024K, 79 young (80896K), 4 survivors (4096K)
 Metaspace       used 79302K, committed 79936K, reserved 1179648K
  class space    used 10776K, committed 11072K, reserved 1048576K
}
Event: 9.688 GC heap after
{Heap after GC invocations=35 (full 0):
 garbage-first heap   total 193536K, used 68624K [0x0000000080000000, 0x0000000100000000)
  region size 1024K, 7 young (7168K), 7 survivors (7168K)
 Metaspace       used 79302K, committed 79936K, reserved 1179648K
  class space    used 10776K, committed 11072K, reserved 1048576K
}
Event: 9.707 GC heap before
{Heap before GC invocations=35 (full 0):
 garbage-first heap   total 193536K, used 70672K [0x0000000080000000, 0x0000000100000000)
  region size 1024K, 9 young (9216K), 7 survivors (7168K)
 Metaspace       used 79576K, committed 80192K, reserved 1179648K
  class space    used 10815K, committed 11136K, reserved 1048576K
}
Event: 9.710 GC heap after
{Heap after GC invocations=36 (full 0):
 garbage-first heap   total 193536K, used 68844K [0x0000000080000000, 0x0000000100000000)
  region size 1024K, 1 young (1024K), 1 survivors (1024K)
 Metaspace       used 79576K, committed 80192K, reserved 1179648K
  class space    used 10815K, committed 11136K, reserved 1048576K
}
Event: 10.568 GC heap before
{Heap before GC invocations=36 (full 0):
 garbage-first heap   total 193536K, used 146668K [0x0000000080000000, 0x0000000100000000)
  region size 1024K, 77 young (78848K), 1 survivors (1024K)
 Metaspace       used 84377K, committed 85056K, reserved 1179648K
  class space    used 11486K, committed 11776K, reserved 1048576K
}
Event: 10.571 GC heap after
{Heap after GC invocations=37 (full 0):
 garbage-first heap   total 193536K, used 73025K [0x0000000080000000, 0x0000000100000000)
  region size 1024K, 6 young (6144K), 6 survivors (6144K)
 Metaspace       used 84377K, committed 85056K, reserved 1179648K
  class space    used 11486K, committed 11776K, reserved 1048576K
}
Event: 11.619 GC heap before
{Heap before GC invocations=37 (full 0):
 garbage-first heap   total 193536K, used 149825K [0x0000000080000000, 0x0000000100000000)
  region size 1024K, 81 young (82944K), 6 survivors (6144K)
 Metaspace       used 90332K, committed 91008K, reserved 1179648K
  class space    used 12485K, committed 12800K, reserved 1048576K
}
Event: 11.625 GC heap after
{Heap after GC invocations=38 (full 0):
 garbage-first heap   total 193536K, used 76514K [0x0000000080000000, 0x0000000100000000)
  region size 1024K, 9 young (9216K), 9 survivors (9216K)
 Metaspace       used 90332K, committed 91008K, reserved 1179648K
  class space    used 12485K, committed 12800K, reserved 1048576K
}
Event: 12.593 GC heap before
{Heap before GC invocations=38 (full 0):
 garbage-first heap   total 193536K, used 154338K [0x0000000080000000, 0x0000000100000000)
  region size 1024K, 85 young (87040K), 9 survivors (9216K)
 Metaspace       used 96692K, committed 97408K, reserved 1179648K
  class space    used 13402K, committed 13760K, reserved 1048576K
}
Event: 12.600 GC heap after
{Heap after GC invocations=39 (full 0):
 garbage-first heap   total 193536K, used 81126K [0x0000000080000000, 0x0000000100000000)
  region size 1024K, 8 young (8192K), 8 survivors (8192K)
 Metaspace       used 96692K, committed 97408K, reserved 1179648K
  class space    used 13402K, committed 13760K, reserved 1048576K
}
Event: 13.316 GC heap before
{Heap before GC invocations=39 (full 0):
 garbage-first heap   total 193536K, used 155878K [0x0000000080000000, 0x0000000100000000)
  region size 1024K, 82 young (83968K), 8 survivors (8192K)
 Metaspace       used 99422K, committed 100096K, reserved 1179648K
  class space    used 13826K, committed 14144K, reserved 1048576K
}
Event: 13.325 GC heap after
{Heap after GC invocations=40 (full 0):
 garbage-first heap   total 193536K, used 87852K [0x0000000080000000, 0x0000000100000000)
  region size 1024K, 11 young (11264K), 11 survivors (11264K)
 Metaspace       used 99422K, committed 100096K, reserved 1179648K
  class space    used 13826K, committed 14144K, reserved 1048576K
}
Event: 13.990 GC heap before
{Heap before GC invocations=40 (full 0):
 garbage-first heap   total 193536K, used 162604K [0x0000000080000000, 0x0000000100000000)
  region size 1024K, 78 young (79872K), 11 survivors (11264K)
 Metaspace       used 102253K, committed 102976K, reserved 1179648K
  class space    used 14104K, committed 14464K, reserved 1048576K
}
Event: 13.999 GC heap after
{Heap after GC invocations=41 (full 0):
 garbage-first heap   total 193536K, used 96512K [0x0000000080000000, 0x0000000100000000)
  region size 1024K, 10 young (10240K), 10 survivors (10240K)
 Metaspace       used 102253K, committed 102976K, reserved 1179648K
  class space    used 14104K, committed 14464K, reserved 1048576K
}
Event: 14.895 GC heap before
{Heap before GC invocations=41 (full 0):
 garbage-first heap   total 193536K, used 150784K [0x0000000080000000, 0x0000000100000000)
  region size 1024K, 64 young (65536K), 10 survivors (10240K)
 Metaspace       used 106090K, committed 106880K, reserved 1179648K
  class space    used 14548K, committed 14912K, reserved 1048576K
}
Event: 14.905 GC heap after
{Heap after GC invocations=42 (full 0):
 garbage-first heap   total 193536K, used 110711K [0x0000000080000000, 0x0000000100000000)
  region size 1024K, 8 young (8192K), 8 survivors (8192K)
 Metaspace       used 106090K, committed 106880K, reserved 1179648K
  class space    used 14548K, committed 14912K, reserved 1048576K
}
Event: 15.441 GC heap before
{Heap before GC invocations=42 (full 0):
 garbage-first heap   total 193536K, used 169079K [0x0000000080000000, 0x0000000100000000)
  region size 1024K, 49 young (50176K), 8 survivors (8192K)
 Metaspace       used 108358K, committed 109120K, reserved 1179648K
  class space    used 14794K, committed 15168K, reserved 1048576K
}
Event: 15.451 GC heap after
{Heap after GC invocations=43 (full 0):
 garbage-first heap   total 193536K, used 120221K [0x0000000080000000, 0x0000000100000000)
  region size 1024K, 7 young (7168K), 7 survivors (7168K)
 Metaspace       used 108358K, committed 109120K, reserved 1179648K
  class space    used 14794K, committed 15168K, reserved 1048576K
}
Event: 15.942 GC heap before
{Heap before GC invocations=43 (full 0):
 garbage-first heap   total 193536K, used 155037K [0x0000000080000000, 0x0000000100000000)
  region size 1024K, 42 young (43008K), 7 survivors (7168K)
 Metaspace       used 109605K, committed 110464K, reserved 1179648K
  class space    used 14931K, committed 15360K, reserved 1048576K
}
Event: 15.947 GC heap after
{Heap after GC invocations=44 (full 0):
 garbage-first heap   total 193536K, used 122578K [0x0000000080000000, 0x0000000100000000)
  region size 1024K, 4 young (4096K), 4 survivors (4096K)
 Metaspace       used 109605K, committed 110464K, reserved 1179648K
  class space    used 14931K, committed 15360K, reserved 1048576K
}

